2025-04-09 18:16:07,779 [INFO] Activator:176 - 


2025-04-09 18:16:07,780 [INFO] Activator:177 - !SESSION log4j initialized
2025-04-09 18:16:09,105 [ERROR] LogOutputStream:75 - [STDERR_REDIRECT] 
2025-04-09 18:16:10,566 [INFO] LogOutputStream:77 - [STDOUT_REDIRECT] 
2025-04-09 18:16:12,199 [INFO] ApplicationProperties:184 - Using Application install path: /Applications/STM32CubeIDE.app/Contents/Eclipse/plugins/com.st.stm32cube.common.mx_6.12.1.202409122256
2025-04-09 18:16:12,210 [INFO] DbMcusXml:78 - Set database path to: /Applications/STM32CubeIDE.app/Contents/Eclipse/plugins/com.st.stm32cube.common.mx_6.12.1.202409122256//db//mcu/
2025-04-09 18:16:12,210 [INFO] ApiDb:274 - Set plugin database path to: /Applications/STM32CubeIDE.app/Contents/Eclipse/plugins/com.st.stm32cube.common.mx_6.12.1.202409122256//db//plugins/boardmanager/
2025-04-09 18:16:12,210 [WARN] ApiDb:259 - Overriding images path with different value:  => /Applications/STM32CubeIDE.app/Contents/Eclipse/plugins/com.st.stm32cube.common.mx_6.12.1.202409122256//db//plugins/mcufinder/images/
2025-04-09 18:16:12,214 [INFO] ApiDb:250 - Set database path to: /Users/ronitbarman/.stmcufinder/plugins/mcufinder//mcu/
2025-04-09 18:16:12,214 [INFO] DbMcusAds:125 - Set database path to: /Users/ronitbarman/.stmcufinder/plugins/mcufinder//mcu/
2025-04-09 18:16:12,216 [INFO] CrossReferenceDbSqlite:203 - Set database path to: /Users/ronitbarman/.stmcufinder/plugins/mcufinder//mcu/cs/
2025-04-09 18:16:12,340 [INFO] RulesReader:64 - Compatibility file has been processed (297 Rules)
2025-04-09 18:16:12,415 [INFO] DbMcusXml:78 - Set database path to: /Applications/STM32CubeIDE.app/Contents/Eclipse/plugins/com.st.stm32cube.common.mx_6.12.1.202409122256//db//mcu/
2025-04-09 18:16:12,416 [INFO] ApiDb:274 - Set plugin database path to: /Applications/STM32CubeIDE.app/Contents/Eclipse/plugins/com.st.stm32cube.common.mx_6.12.1.202409122256//db//plugins/boardmanager/
2025-04-09 18:16:12,419 [INFO] ApiDb:261 - Set plugin images path to: /Applications/STM32CubeIDE.app/Contents/Eclipse/plugins/com.st.stm32cube.common.mx_6.12.1.202409122256//db//plugins/mcufinder/images/
2025-04-09 18:16:12,421 [WARN] DbFile:41 - Overriding database path with different value: /Users/ronitbarman/.stmcufinder/plugins/mcufinder/ => /Users/ronitbarman/.stmcufinder/plugins/mcufinder
2025-04-09 18:16:12,421 [INFO] ApiDb:250 - Set database path to: /Users/ronitbarman/.stmcufinder/plugins/mcufinder//mcu/
2025-04-09 18:16:12,421 [WARN] DbFile:41 - Overriding database path with different value: /Users/ronitbarman/.stmcufinder/plugins/mcufinder/ => /Users/ronitbarman/.stmcufinder/plugins/mcufinder
2025-04-09 18:16:12,421 [INFO] DbMcusAds:125 - Set database path to: /Users/ronitbarman/.stmcufinder/plugins/mcufinder//mcu/
2025-04-09 18:16:12,421 [WARN] DbFile:41 - Overriding database path with different value: /Users/ronitbarman/.stmcufinder/plugins/mcufinder/ => /Users/ronitbarman/.stmcufinder/plugins/mcufinder
2025-04-09 18:16:12,421 [WARN] DbFile:41 - Overriding database path with different value: /Users/ronitbarman/.stmcufinder/plugins/mcufinder/ => /Users/ronitbarman/.stmcufinder/plugins/mcufinder
2025-04-09 18:16:12,422 [INFO] CrossReferenceDbSqlite:203 - Set database path to: /Users/ronitbarman/.stmcufinder/plugins/mcufinder//mcu/cs/
2025-04-09 18:16:12,526 [INFO] MainPanel:268 - HeapMemory: 268435456
2025-04-09 18:16:12,867 [ERROR] LogOutputStream:75 - [STDERR_REDIRECT] [Fatal Error] :2:10: DOCTYPE is disallowed when the feature "http://apache.org/xml/features/disallow-doctype-decl" set to true.
2025-04-09 18:16:12,869 [ERROR] LogOutputStream:75 - [STDERR_REDIRECT] 
2025-04-09 18:16:12,872 [INFO] DbMcusXml:78 - Set database path to: /Applications/STM32CubeIDE.app/Contents/Eclipse/plugins/com.st.stm32cube.common.mx_6.12.1.202409122256//db//mcu/
2025-04-09 18:16:12,872 [INFO] ApiDb:274 - Set plugin database path to: /Applications/STM32CubeIDE.app/Contents/Eclipse/plugins/com.st.stm32cube.common.mx_6.12.1.202409122256//db//plugins/boardmanager/
2025-04-09 18:16:12,873 [INFO] ApiDb:261 - Set plugin images path to: /Applications/STM32CubeIDE.app/Contents/Eclipse/plugins/com.st.stm32cube.common.mx_6.12.1.202409122256//db//plugins/mcufinder/images/
2025-04-09 18:16:12,873 [WARN] DbFile:41 - Overriding database path with different value: /Users/ronitbarman/.stmcufinder/plugins/mcufinder/ => /Users/ronitbarman/.stmcufinder/plugins/mcufinder
2025-04-09 18:16:12,873 [INFO] ApiDb:250 - Set database path to: /Users/ronitbarman/.stmcufinder/plugins/mcufinder//mcu/
2025-04-09 18:16:12,873 [WARN] DbFile:41 - Overriding database path with different value: /Users/ronitbarman/.stmcufinder/plugins/mcufinder/ => /Users/ronitbarman/.stmcufinder/plugins/mcufinder
2025-04-09 18:16:12,873 [INFO] DbMcusAds:125 - Set database path to: /Users/ronitbarman/.stmcufinder/plugins/mcufinder//mcu/
2025-04-09 18:16:12,873 [WARN] DbFile:41 - Overriding database path with different value: /Users/ronitbarman/.stmcufinder/plugins/mcufinder/ => /Users/ronitbarman/.stmcufinder/plugins/mcufinder
2025-04-09 18:16:12,873 [WARN] DbFile:41 - Overriding database path with different value: /Users/ronitbarman/.stmcufinder/plugins/mcufinder/ => /Users/ronitbarman/.stmcufinder/plugins/mcufinder
2025-04-09 18:16:12,873 [INFO] CrossReferenceDbSqlite:203 - Set database path to: /Users/ronitbarman/.stmcufinder/plugins/mcufinder//mcu/cs/
2025-04-09 18:16:12,890 [INFO] ApplicationProperties:184 - Using Application install path: /Applications/STM32CubeIDE.app/Contents/Eclipse/plugins/com.st.stm32cube.common.mx_6.12.1.202409122256
2025-04-09 18:16:12,891 [INFO] PluginManage:196 - Search for loadable plugins [exclusion list=, ]
2025-04-09 18:16:12,892 [INFO] PluginManage:310 - Check plugin analytics
2025-04-09 18:16:13,051 [INFO] AnalyticsPlugin:253 - Accepted Software Licenses: 
2025-04-09 18:16:13,051 [INFO] AnalyticsPlugin:255 - Accepted CMSIS Pack Licenses: 
2025-04-09 18:16:13,051 [INFO] AnalyticsPlugin:257 - Accepted Firmware Licenses: FW.L4.1.18.0
2025-04-09 18:16:13,065 [INFO] PluginManage:359 - Loaded plugin analytics (category:tool,tabindex:-1)
2025-04-09 18:16:13,066 [INFO] PluginManage:310 - Check plugin cadmodel
2025-04-09 18:16:13,077 [INFO] CADModel:105 - Init CAD model plugin
2025-04-09 18:16:13,077 [INFO] PluginManage:359 - Loaded plugin cadmodel (category:power,tabindex:5)
2025-04-09 18:16:13,078 [INFO] PluginManage:310 - Check plugin clock
2025-04-09 18:16:13,086 [INFO] PluginManage:359 - Loaded plugin clock (category:base,tabindex:2)
2025-04-09 18:16:13,086 [INFO] PluginManage:310 - Check plugin ddr
2025-04-09 18:16:13,087 [INFO] PluginManage:359 - Loaded plugin ddr (category:tool,tabindex:6)
2025-04-09 18:16:13,087 [INFO] PluginManage:310 - Check plugin filemanager
2025-04-09 18:16:13,251 [INFO] PluginManage:359 - Loaded plugin filemanager (category:base,tabindex:10)
2025-04-09 18:16:13,252 [INFO] PluginManage:310 - Check plugin ipmanager
2025-04-09 18:16:13,263 [INFO] PluginManage:359 - Loaded plugin ipmanager (category:base,tabindex:5)
2025-04-09 18:16:13,263 [INFO] PluginManage:310 - Check plugin lpbam
2025-04-09 18:16:13,272 [INFO] PluginManage:359 - Loaded plugin lpbam (category:base,tabindex:0)
2025-04-09 18:16:13,272 [INFO] PluginManage:310 - Check plugin memorymap
2025-04-09 18:16:13,280 [INFO] PluginManage:359 - Loaded plugin memorymap (category:base,tabindex:4)
2025-04-09 18:16:13,280 [INFO] PluginManage:310 - Check plugin pinoutandconfiguration
2025-04-09 18:16:13,284 [INFO] PluginManage:359 - Loaded plugin pinoutandconfiguration (category:base,tabindex:1)
2025-04-09 18:16:13,284 [INFO] PluginManage:310 - Check plugin pinoutconfig
2025-04-09 18:16:13,433 [WARN] SupportedApi:132 - Cannot load RTOS API schema: s4s-elt-must-match.1: The content of 'definitions' must match (annotation?, (simpleType | complexType)?, (unique | key | keyref)*)). A problem was found starting at: attribute.
2025-04-09 18:16:13,548 [INFO] PluginManage:359 - Loaded plugin pinoutconfig (category:base,tabindex:0)
2025-04-09 18:16:13,549 [INFO] PluginManage:310 - Check plugin power
2025-04-09 18:16:13,569 [INFO] PluginManage:359 - Loaded plugin power (category:power,tabindex:4)
2025-04-09 18:16:13,569 [INFO] PluginManage:310 - Check plugin projectmanager
2025-04-09 18:16:13,596 [INFO] PluginManage:359 - Loaded plugin projectmanager (category:projectmanager,tabindex:4)
2025-04-09 18:16:13,597 [INFO] PluginManage:310 - Check plugin rif
2025-04-09 18:16:13,602 [INFO] PluginManage:359 - Loaded plugin rif (category:base,tabindex:3)
2025-04-09 18:16:13,603 [INFO] PluginManage:310 - Check plugin thirdparty
2025-04-09 18:16:13,787 [INFO] PluginManage:359 - Loaded plugin thirdparty (category:base,tabindex:-1)
2025-04-09 18:16:13,788 [INFO] PluginManage:310 - Check plugin tools
2025-04-09 18:16:13,786 [WARN] IntegrityCheckThread:84 - waiting for thirdparty lock release [integrity check]
2025-04-09 18:16:13,790 [INFO] IntegrityCheckThread:86 - entering critical section [integrity check]
2025-04-09 18:16:13,791 [INFO] ThirdPartyUpdaterWithRetryManager:70 - Updater plugin not ready yet. [1/15]
2025-04-09 18:16:13,792 [INFO] PluginManage:359 - Loaded plugin tools (category:base,tabindex:7)
2025-04-09 18:16:13,793 [INFO] PluginManage:310 - Check plugin tutovideos
2025-04-09 18:16:13,925 [INFO] PluginManage:359 - Loaded plugin tutovideos (category:base,tabindex:-1)
2025-04-09 18:16:13,926 [INFO] PluginManage:310 - Check plugin updater
2025-04-09 18:16:13,956 [INFO] PluginManage:359 - Loaded plugin updater (category:base,tabindex:12)
2025-04-09 18:16:13,956 [INFO] PluginManage:310 - Check plugin userauth
2025-04-09 18:16:13,962 [INFO] UserAuth:113 - Init User Auth plugin
2025-04-09 18:16:13,962 [INFO] PluginManage:359 - Loaded plugin userauth (category:base,tabindex:14)
2025-04-09 18:16:13,964 [INFO] PluginManage:283 - PluginManage : Loaded plugins [18]
2025-04-09 18:16:14,310 [INFO] PinOutPanel:1561 - setPackage(No Configuration,No Configuration)
2025-04-09 18:16:14,362 [INFO] CADModel:165 - CPN selected for project level
2025-04-09 18:16:14,362 [INFO] CADModel:114 - Register for checkConnection events
2025-04-09 18:16:14,368 [INFO] IPUIPlugin:80 - create IPUIPlugin
2025-04-09 18:16:14,369 [INFO] PluginManager:220 - loadIPPluginJar : add mdma
2025-04-09 18:16:14,371 [INFO] IPUIPlugin:80 - create IPUIPlugin
2025-04-09 18:16:14,372 [INFO] PluginManager:220 - loadIPPluginJar : add freertos
2025-04-09 18:16:14,374 [INFO] IPUIPlugin:80 - create IPUIPlugin
2025-04-09 18:16:14,374 [INFO] PluginManager:220 - loadIPPluginJar : add gic
2025-04-09 18:16:14,379 [INFO] IPUIPlugin:80 - create IPUIPlugin
2025-04-09 18:16:14,379 [INFO] PluginManager:220 - loadIPPluginJar : add adc
2025-04-09 18:16:14,380 [INFO] IPUIPlugin:80 - create IPUIPlugin
2025-04-09 18:16:14,380 [INFO] PluginManager:220 - loadIPPluginJar : add gtzc
2025-04-09 18:16:14,380 [INFO] IPUIPlugin:80 - create IPUIPlugin
2025-04-09 18:16:14,380 [INFO] PluginManager:220 - loadIPPluginJar : add quadspi
2025-04-09 18:16:14,381 [INFO] IPUIPlugin:80 - create IPUIPlugin
2025-04-09 18:16:14,381 [INFO] PluginManager:220 - loadIPPluginJar : add aes
2025-04-09 18:16:14,383 [INFO] IPUIPlugin:80 - create IPUIPlugin
2025-04-09 18:16:14,383 [INFO] PluginManager:220 - loadIPPluginJar : add pdm2pcm
2025-04-09 18:16:14,384 [INFO] IPUIPlugin:80 - create IPUIPlugin
2025-04-09 18:16:14,384 [INFO] PluginManager:220 - loadIPPluginJar : add hash
2025-04-09 18:16:14,385 [INFO] IPUIPlugin:80 - create IPUIPlugin
2025-04-09 18:16:14,385 [INFO] PluginManager:220 - loadIPPluginJar : add tim
2025-04-09 18:16:14,385 [INFO] IPUIPlugin:80 - create IPUIPlugin
2025-04-09 18:16:14,385 [INFO] PluginManager:220 - loadIPPluginJar : add tsc
2025-04-09 18:16:14,386 [INFO] IPUIPlugin:80 - create IPUIPlugin
2025-04-09 18:16:14,387 [INFO] PluginManager:220 - loadIPPluginJar : add extmemmanager
2025-04-09 18:16:14,388 [INFO] IPUIPlugin:80 - create IPUIPlugin
2025-04-09 18:16:14,388 [INFO] PluginManager:220 - loadIPPluginJar : add ts
2025-04-09 18:16:14,389 [INFO] IPUIPlugin:80 - create IPUIPlugin
2025-04-09 18:16:14,389 [INFO] PluginManager:220 - loadIPPluginJar : add radio
2025-04-09 18:16:14,390 [INFO] IPUIPlugin:80 - create IPUIPlugin
2025-04-09 18:16:14,390 [INFO] PluginManager:220 - loadIPPluginJar : add can
2025-04-09 18:16:14,392 [INFO] IPUIPlugin:80 - create IPUIPlugin
2025-04-09 18:16:14,392 [INFO] PluginManager:220 - loadIPPluginJar : add dma3
2025-04-09 18:16:14,393 [INFO] IPUIPlugin:80 - create IPUIPlugin
2025-04-09 18:16:14,393 [INFO] PluginManager:220 - loadIPPluginJar : add dfsdm
2025-04-09 18:16:14,394 [INFO] IPUIPlugin:80 - create IPUIPlugin
2025-04-09 18:16:14,394 [INFO] PluginManager:220 - loadIPPluginJar : add spi
2025-04-09 18:16:14,395 [INFO] IPUIPlugin:80 - create IPUIPlugin
2025-04-09 18:16:14,395 [INFO] PluginManager:220 - loadIPPluginJar : add gfxmmu
2025-04-09 18:16:14,396 [INFO] IPUIPlugin:80 - create IPUIPlugin
2025-04-09 18:16:14,397 [INFO] PluginManager:220 - loadIPPluginJar : add genericplugin
2025-04-09 18:16:14,398 [INFO] IPUIPlugin:80 - create IPUIPlugin
2025-04-09 18:16:14,398 [INFO] PluginManager:220 - loadIPPluginJar : add cryp
2025-04-09 18:16:14,400 [INFO] IPUIPlugin:80 - create IPUIPlugin
2025-04-09 18:16:14,400 [INFO] PluginManager:220 - loadIPPluginJar : add gpio
2025-04-09 18:16:14,402 [INFO] IPUIPlugin:80 - create IPUIPlugin
2025-04-09 18:16:14,402 [INFO] PluginManager:220 - loadIPPluginJar : add ddr_ctrl_phy
2025-04-09 18:16:14,403 [INFO] IPUIPlugin:80 - create IPUIPlugin
2025-04-09 18:16:14,403 [INFO] PluginManager:220 - loadIPPluginJar : add comp
2025-04-09 18:16:14,404 [INFO] IPUIPlugin:80 - create IPUIPlugin
2025-04-09 18:16:14,404 [INFO] PluginManager:220 - loadIPPluginJar : add tracer_emb
2025-04-09 18:16:14,405 [INFO] IPUIPlugin:80 - create IPUIPlugin
2025-04-09 18:16:14,405 [INFO] PluginManager:220 - loadIPPluginJar : add openamp
2025-04-09 18:16:14,407 [INFO] IPUIPlugin:80 - create IPUIPlugin
2025-04-09 18:16:14,407 [INFO] PluginManager:220 - loadIPPluginJar : add stm32_wpan
2025-04-09 18:16:14,409 [INFO] IPUIPlugin:80 - create IPUIPlugin
2025-04-09 18:16:14,412 [INFO] PluginManager:220 - loadIPPluginJar : add plateformsettings
2025-04-09 18:16:14,414 [INFO] IPUIPlugin:80 - create IPUIPlugin
2025-04-09 18:16:14,414 [INFO] PluginManager:220 - loadIPPluginJar : add ipddr
2025-04-09 18:16:14,415 [INFO] IPUIPlugin:80 - create IPUIPlugin
2025-04-09 18:16:14,415 [INFO] PluginManager:220 - loadIPPluginJar : add usart
2025-04-09 18:16:14,415 [INFO] IPUIPlugin:80 - create IPUIPlugin
2025-04-09 18:16:14,415 [INFO] PluginManager:220 - loadIPPluginJar : add ltdc
2025-04-09 18:16:14,416 [INFO] IPUIPlugin:80 - create IPUIPlugin
2025-04-09 18:16:14,416 [INFO] PluginManager:220 - loadIPPluginJar : add nvic
2025-04-09 18:16:14,417 [INFO] IPUIPlugin:80 - create IPUIPlugin
2025-04-09 18:16:14,417 [INFO] PluginManager:220 - loadIPPluginJar : add fatfs
2025-04-09 18:16:14,420 [INFO] IPUIPlugin:80 - create IPUIPlugin
2025-04-09 18:16:14,420 [INFO] PluginManager:220 - loadIPPluginJar : add linkedlist
2025-04-09 18:16:14,422 [INFO] IPUIPlugin:80 - create IPUIPlugin
2025-04-09 18:16:14,422 [INFO] PluginManager:220 - loadIPPluginJar : add dma
2025-04-09 18:16:14,424 [INFO] IPUIPlugin:80 - create IPUIPlugin
2025-04-09 18:16:14,424 [INFO] PluginManager:220 - loadIPPluginJar : add fmc
2025-04-09 18:16:14,424 [INFO] IPUIPlugin:80 - create IPUIPlugin
2025-04-09 18:16:14,425 [INFO] PluginManager:220 - loadIPPluginJar : add i2s
2025-04-09 18:16:14,425 [INFO] IPUIPlugin:80 - create IPUIPlugin
2025-04-09 18:16:14,426 [INFO] PluginManager:220 - loadIPPluginJar : add ucpd
2025-04-09 18:16:14,428 [INFO] IPUIPlugin:80 - create IPUIPlugin
2025-04-09 18:16:14,428 [INFO] PluginManager:220 - loadIPPluginJar : add lorawan
2025-04-09 18:16:14,429 [INFO] IPUIPlugin:80 - create IPUIPlugin
2025-04-09 18:16:14,429 [INFO] PluginManager:220 - loadIPPluginJar : add opamp
2025-04-09 18:16:14,430 [INFO] IPUIPlugin:80 - create IPUIPlugin
2025-04-09 18:16:14,430 [INFO] PluginManager:220 - loadIPPluginJar : add i3c
2025-04-09 18:16:14,431 [INFO] IPUIPlugin:80 - create IPUIPlugin
2025-04-09 18:16:14,432 [INFO] PluginManager:220 - loadIPPluginJar : add touchsensing
2025-04-09 18:16:14,434 [INFO] IPUIPlugin:80 - create IPUIPlugin
2025-04-09 18:16:14,434 [INFO] PluginManager:220 - loadIPPluginJar : add i2c
2025-04-09 18:16:14,436 [INFO] IPUIPlugin:80 - create IPUIPlugin
2025-04-09 18:16:14,436 [INFO] PluginManager:220 - loadIPPluginJar : add resmgrutility
2025-04-09 18:16:14,437 [INFO] IPUIPlugin:80 - create IPUIPlugin
2025-04-09 18:16:14,437 [INFO] PluginManager:220 - loadIPPluginJar : add sai
2025-04-09 18:16:14,440 [INFO] IPUIPlugin:80 - create IPUIPlugin
2025-04-09 18:16:14,440 [INFO] PluginManager:220 - loadIPPluginJar : add usbx
2025-04-09 18:16:14,544 [INFO] CADModel:165 - CPN selected for project level
2025-04-09 18:16:14,545 [INFO] CADModel:114 - Register for checkConnection events
2025-04-09 18:16:14,545 [FATAL] Updater:334 - Updater called before beeing initialized
2025-04-09 18:16:14,545 [ERROR] CADModel:125 - Updater not yet initialized, retry later 
2025-04-09 18:16:14,701 [INFO] CADModel:165 - CPN selected for project level
2025-04-09 18:16:14,702 [INFO] CADModel:114 - Register for checkConnection events
2025-04-09 18:16:14,702 [FATAL] Updater:334 - Updater called before beeing initialized
2025-04-09 18:16:14,702 [ERROR] CADModel:125 - Updater not yet initialized, retry later 
2025-04-09 18:16:14,704 [FATAL] Updater:334 - Updater called before beeing initialized
2025-04-09 18:16:14,828 [FATAL] Updater:334 - Updater called before beeing initialized
2025-04-09 18:16:14,832 [INFO] DbMcusAds:53 - JSON generation date=Tue Dec 17 08:01:15 PST 2024 (1734451275196)
2025-04-09 18:16:14,832 [FATAL] Updater:334 - Updater called before beeing initialized
2025-04-09 18:16:14,875 [WARN] DetailPanel:346 - Failed to get advertising image, set to default
2025-04-09 18:16:14,940 [FATAL] Updater:334 - Updater called before beeing initialized
2025-04-09 18:16:14,943 [FATAL] Updater:334 - Updater called before beeing initialized
2025-04-09 18:16:14,943 [FATAL] Updater:334 - Updater called before beeing initialized
2025-04-09 18:16:14,943 [WARN] DetailPanel:346 - Failed to get advertising image, set to default
2025-04-09 18:16:14,945 [FATAL] Updater:334 - Updater called before beeing initialized
2025-04-09 18:16:14,995 [ERROR] Updater:1164 - MainUpdater not yet initialized. External WinMGr cannot be set.
2025-04-09 18:16:14,999 [INFO] Updater:1100 - Updater Version found : 6.12.1
2025-04-09 18:16:15,008 [INFO] ApplicationProperties:184 - Using Application install path: /Applications/STM32CubeIDE.app/Contents/Eclipse/plugins/com.st.stm32cube.common.mx_6.12.1.202409122256
2025-04-09 18:16:15,241 [INFO] MainUpdater:2873 - connection check result : 10
2025-04-09 18:16:15,241 [INFO] MainUpdater:290 - Updater Check For Update Now.
2025-04-09 18:16:15,241 [INFO] MicroXplorer:498 - Change Database Version : DB.6.0.121
2025-04-09 18:16:15,245 [INFO] McuFinderGlobals:63 - Set McuFinder mode to 2 (CubeIDE integrated)
2025-04-09 18:16:15,247 [INFO] UserAuth:417 - Internet connection configuration mode: 1
2025-04-09 18:16:15,254 [INFO] JxBrowserEngine:152 - Initiate JxBrowser Engine with user profile folder
2025-04-09 18:16:15,509 [INFO] CheckServerUpdateThread:120 - End of CheckServer Thread
2025-04-09 18:16:16,953 [WARN] PackLoader:240 - Cannot read IP mode file for STMicroelectronics.FP-SNS-MOTENVWB1.1.4.0
2025-04-09 18:16:16,973 [WARN] PackLoader:240 - Cannot read IP mode file for STMicroelectronics.FP-ATR-ASTRA1.2.0.2
2025-04-09 18:16:16,986 [WARN] PackLoader:240 - Cannot read IP mode file for STMicroelectronics.FP-ATR-ASTRA1.2.0.1
2025-04-09 18:16:16,996 [WARN] PackLoader:240 - Cannot read IP mode file for STMicroelectronics.X-CUBE-SMBUS.2.1.0
2025-04-09 18:16:17,006 [WARN] PackLoader:240 - Cannot read IP mode file for STMicroelectronics.X-CUBE-WB05N.1.1.0
2025-04-09 18:16:17,042 [WARN] PackLoader:240 - Cannot read IP mode file for STMicroelectronics.X-CUBE-AZRTOS-F7.1.1.0
2025-04-09 18:16:17,139 [WARN] PackLoader:240 - Cannot read IP mode file for STMicroelectronics.X-CUBE-MEMS1.11.0.0
2025-04-09 18:16:17,378 [WARN] PackLoader:240 - Cannot read IP mode file for STMicroelectronics.FP-SNS-FLIGHT1.5.0.2
2025-04-09 18:16:17,403 [WARN] PackLoader:240 - Cannot read IP mode file for STMicroelectronics.X-CUBE-DISPLAY.3.0.0
2025-04-09 18:16:17,418 [WARN] PackLoader:240 - Cannot read IP mode file for STMicroelectronics.X-CUBE-BLE1.7.0.0
2025-04-09 18:16:17,444 [WARN] PackLoader:240 - Cannot read IP mode file for STMicroelectronics.X-CUBE-NFC10.1.0.0
2025-04-09 18:16:17,477 [WARN] PackLoader:240 - Cannot read IP mode file for STMicroelectronics.X-CUBE-BLEMGR.4.0.0
2025-04-09 18:16:17,490 [WARN] PackLoader:240 - Cannot read IP mode file for emotas.I-CUBE-CANOPEN.1.3.0
2025-04-09 18:16:17,507 [WARN] PackLoader:240 - Cannot read IP mode file for STMicroelectronics.X-CUBE-BLEMGR.3.1.0
2025-04-09 18:16:17,518 [WARN] PackLoader:240 - Cannot read IP mode file for STMicroelectronics.X-CUBE-AI.10.0.0
2025-04-09 18:16:17,525 [WARN] PackLoader:240 - Cannot read IP mode file for STMicroelectronics.FP-SNS-SMARTAG2.1.2.0
2025-04-09 18:16:17,534 [ERROR] Engine:466 - /Users/ronitbarman/.stm32cubemx/thirdparties/pdsc/STMicroelectronics.FP-SNS-FLIGHT1.5.1.0.pdsc: PDSC version is not supported
2025-04-09 18:16:17,636 [WARN] PackLoader:240 - Cannot read IP mode file for STMicroelectronics.X-CUBE-MEMS1.11.1.0
2025-04-09 18:16:17,785 [INFO] LogOutputStream:77 - [STDOUT_REDIRECT] 1 : Invalid condition id : UX_CORESTACK_Condition cause : null
2025-04-09 18:16:17,787 [INFO] LogOutputStream:77 - [STDOUT_REDIRECT] 1 : Invalid condition id : UX_CORESTACK_Condition cause : null
2025-04-09 18:16:17,788 [INFO] LogOutputStream:77 - [STDOUT_REDIRECT] 1 : Invalid condition id : UX_CORESTACK_Condition cause : null
2025-04-09 18:16:17,788 [INFO] LogOutputStream:77 - [STDOUT_REDIRECT] 1 : Invalid condition id : UX_CORESTACK_Condition cause : null
2025-04-09 18:16:17,789 [INFO] LogOutputStream:77 - [STDOUT_REDIRECT] 1 : Invalid condition id : UX_CORESTACK_Condition cause : null
2025-04-09 18:16:17,794 [WARN] PackLoader:240 - Cannot read IP mode file for STMicroelectronics.X-CUBE-AZRTOS-WL.2.0.0
2025-04-09 18:16:17,800 [WARN] PackLoader:240 - Cannot read IP mode file for STMicroelectronics.FP-SNS-MOTENV1.5.0.0
2025-04-09 18:16:17,803 [WARN] PackLoader:240 - Cannot read IP mode file for wolfSSL.I-CUBE-wolfMQTT.1.19.0
2025-04-09 18:16:17,810 [WARN] PackLoader:240 - Cannot read IP mode file for WES.I-CUBE-Cesium.1.3.0
2025-04-09 18:16:17,815 [WARN] PackLoader:240 - Cannot read IP mode file for STMicroelectronics.X-CUBE-BLE2.3.3.0
2025-04-09 18:16:17,824 [WARN] PackLoader:240 - Cannot read IP mode file for STMicroelectronics.X-CUBE-NFC9.1.0.0
2025-04-09 18:16:17,829 [WARN] PackLoader:240 - Cannot read IP mode file for STMicroelectronics.X-CUBE-BLE1.7.1.0
2025-04-09 18:16:17,834 [WARN] PackLoader:240 - Cannot read IP mode file for STMicroelectronics.X-CUBE-TCPP.4.1.0
2025-04-09 18:16:17,864 [WARN] PackLoader:240 - Cannot read IP mode file for STMicroelectronics.X-CUBE-AZRTOS-G0.1.1.0
2025-04-09 18:16:17,876 [WARN] PackLoader:240 - Cannot read IP mode file for STMicroelectronics.X-CUBE-SAFEA1.1.2.2
2025-04-09 18:16:17,881 [WARN] PackLoader:240 - Cannot read IP mode file for STMicroelectronics.X-CUBE-NFC4.3.0.0
2025-04-09 18:16:17,892 [WARN] PackLoader:240 - Cannot read IP mode file for EmbeddedOffice.I-CUBE-FS-RTOS.1.0.1
2025-04-09 18:16:17,893 [ERROR] ConditionMgr:805 - Attr not supported : Dmpu
2025-04-09 18:16:17,894 [ERROR] ConditionMgr:805 - Attr not supported : Dmpu
2025-04-09 18:16:17,894 [ERROR] ConditionMgr:805 - Attr not supported : Dmpu
2025-04-09 18:16:17,894 [ERROR] ConditionMgr:805 - Attr not supported : Dmpu
2025-04-09 18:16:17,894 [ERROR] ConditionMgr:805 - Attr not supported : Dmpu
2025-04-09 18:16:17,894 [ERROR] ConditionMgr:805 - Attr not supported : Dmpu
2025-04-09 18:16:17,894 [ERROR] ConditionMgr:805 - Attr not supported : Dmpu
2025-04-09 18:16:17,894 [ERROR] ConditionMgr:805 - Attr not supported : Dmpu
2025-04-09 18:16:17,894 [ERROR] ConditionMgr:805 - Attr not supported : Dmpu
2025-04-09 18:16:17,894 [ERROR] ConditionMgr:805 - Attr not supported : Dmpu
2025-04-09 18:16:17,894 [ERROR] ConditionMgr:805 - Attr not supported : Dmpu
2025-04-09 18:16:17,894 [ERROR] ConditionMgr:805 - Attr not supported : Dmpu
2025-04-09 18:16:17,894 [ERROR] ConditionMgr:805 - Attr not supported : Dmpu
2025-04-09 18:16:17,895 [ERROR] ConditionMgr:805 - Attr not supported : Dmpu
2025-04-09 18:16:17,895 [ERROR] ConditionMgr:805 - Attr not supported : Dmpu
2025-04-09 18:16:17,895 [ERROR] ConditionMgr:805 - Attr not supported : Dmpu
2025-04-09 18:16:17,895 [ERROR] ConditionMgr:805 - Attr not supported : Dmpu
2025-04-09 18:16:17,895 [ERROR] ConditionMgr:805 - Attr not supported : Dmpu
2025-04-09 18:16:17,895 [ERROR] ConditionMgr:805 - Attr not supported : Dmpu
2025-04-09 18:16:17,895 [ERROR] ConditionMgr:805 - Attr not supported : Dmpu
2025-04-09 18:16:17,895 [ERROR] ConditionMgr:805 - Attr not supported : Dmpu
2025-04-09 18:16:17,895 [ERROR] ConditionMgr:805 - Attr not supported : Dmpu
2025-04-09 18:16:17,895 [ERROR] ConditionMgr:805 - Attr not supported : Dmpu
2025-04-09 18:16:17,895 [ERROR] ConditionMgr:805 - Attr not supported : Dmpu
2025-04-09 18:16:17,895 [ERROR] ConditionMgr:805 - Attr not supported : Dmpu
2025-04-09 18:16:17,895 [ERROR] ConditionMgr:805 - Attr not supported : Dmpu
2025-04-09 18:16:17,895 [ERROR] ConditionMgr:805 - Attr not supported : Dmpu
2025-04-09 18:16:17,895 [ERROR] ConditionMgr:805 - Attr not supported : Dmpu
2025-04-09 18:16:17,895 [ERROR] ConditionMgr:805 - Attr not supported : Dmpu
2025-04-09 18:16:17,895 [ERROR] ConditionMgr:805 - Attr not supported : Dmpu
2025-04-09 18:16:17,896 [ERROR] ConditionMgr:805 - Attr not supported : Dmpu
2025-04-09 18:16:17,896 [ERROR] ConditionMgr:805 - Attr not supported : Dmpu
2025-04-09 18:16:17,896 [ERROR] ConditionMgr:805 - Attr not supported : Dmpu
2025-04-09 18:16:17,896 [ERROR] ConditionMgr:805 - Attr not supported : Dmpu
2025-04-09 18:16:17,896 [ERROR] ConditionMgr:805 - Attr not supported : Dmpu
2025-04-09 18:16:17,896 [ERROR] ConditionMgr:805 - Attr not supported : Dmpu
2025-04-09 18:16:17,897 [ERROR] ConditionMgr:805 - Attr not supported : Dmpu
2025-04-09 18:16:17,897 [ERROR] ConditionMgr:805 - Attr not supported : Dmpu
2025-04-09 18:16:17,897 [ERROR] ConditionMgr:805 - Attr not supported : Dmpu
2025-04-09 18:16:17,897 [ERROR] ConditionMgr:805 - Attr not supported : Dmpu
2025-04-09 18:16:17,897 [ERROR] ConditionMgr:805 - Attr not supported : Dmpu
2025-04-09 18:16:17,897 [ERROR] ConditionMgr:805 - Attr not supported : Dmpu
2025-04-09 18:16:17,897 [ERROR] ConditionMgr:805 - Attr not supported : Dmpu
2025-04-09 18:16:17,897 [ERROR] ConditionMgr:805 - Attr not supported : Dmpu
2025-04-09 18:16:17,897 [ERROR] ConditionMgr:805 - Attr not supported : Dmpu
2025-04-09 18:16:17,898 [ERROR] ConditionMgr:805 - Attr not supported : Dmpu
2025-04-09 18:16:17,898 [ERROR] ConditionMgr:805 - Attr not supported : Dmpu
2025-04-09 18:16:17,898 [ERROR] ConditionMgr:805 - Attr not supported : Dmpu
2025-04-09 18:16:17,898 [ERROR] ConditionMgr:805 - Attr not supported : Dmpu
2025-04-09 18:16:17,898 [ERROR] ConditionMgr:805 - Attr not supported : Dmpu
2025-04-09 18:16:17,898 [ERROR] ConditionMgr:805 - Attr not supported : Dmpu
2025-04-09 18:16:17,898 [ERROR] ConditionMgr:805 - Attr not supported : Dmpu
2025-04-09 18:16:17,898 [ERROR] ConditionMgr:805 - Attr not supported : Dmpu
2025-04-09 18:16:17,898 [ERROR] ConditionMgr:805 - Attr not supported : Dmpu
2025-04-09 18:16:17,898 [ERROR] ConditionMgr:805 - Attr not supported : Dmpu
2025-04-09 18:16:17,898 [ERROR] ConditionMgr:805 - Attr not supported : Dmpu
2025-04-09 18:16:17,898 [ERROR] ConditionMgr:805 - Attr not supported : Dmpu
2025-04-09 18:16:17,898 [ERROR] ConditionMgr:805 - Attr not supported : Dmpu
2025-04-09 18:16:17,898 [ERROR] ConditionMgr:805 - Attr not supported : Dmpu
2025-04-09 18:16:17,898 [ERROR] ConditionMgr:805 - Attr not supported : Dmpu
2025-04-09 18:16:17,898 [ERROR] ConditionMgr:805 - Attr not supported : Dmpu
2025-04-09 18:16:17,898 [ERROR] ConditionMgr:805 - Attr not supported : Dmpu
2025-04-09 18:16:17,898 [ERROR] ConditionMgr:805 - Attr not supported : Dmpu
2025-04-09 18:16:17,898 [ERROR] ConditionMgr:805 - Attr not supported : Dmpu
2025-04-09 18:16:17,901 [ERROR] Engine:466 - /Users/ronitbarman/.stm32cubemx/thirdparties/pdsc/STMicroelectronics.X-CUBE-TCPP.4.2.0.pdsc: PDSC version is not supported
2025-04-09 18:16:17,903 [WARN] PackLoader:240 - Cannot read IP mode file for RealThread.X-CUBE-RT-Thread_Nano.4.1.1
2025-04-09 18:16:17,909 [WARN] PackLoader:240 - Cannot read IP mode file for STMicroelectronics.FP-ATR-SIGFOX1.3.2.0
2025-04-09 18:16:17,916 [WARN] PackLoader:240 - Cannot read IP mode file for wolfSSL.I-CUBE-wolfSSL.5.7.2
2025-04-09 18:16:17,919 [WARN] ConditionMgr:438 - getConditionDescription Invalid condition id : Cortex-A Device cause : null
2025-04-09 18:16:17,936 [WARN] ConditionMgr:1039 - genDependencies : Invalid condition id : Cortex-A Device cause : null
2025-04-09 18:16:17,936 [WARN] ConditionMgr:1039 - genDependencies : Invalid condition id : Cortex-A Device cause : null
2025-04-09 18:16:17,936 [WARN] ConditionMgr:1039 - genDependencies : Invalid condition id : Cortex-A Device cause : null
2025-04-09 18:16:17,941 [WARN] PackLoader:240 - Cannot read IP mode file for STMicroelectronics.X-CUBE-EEPRMA1.5.1.0
2025-04-09 18:16:17,952 [WARN] PackLoader:240 - Cannot read IP mode file for ITTIA_DB.I-CUBE-ITTIADB.8.9.0
2025-04-09 18:16:18,013 [WARN] PackLoader:240 - Cannot read IP mode file for SEGGER.I-CUBE-embOS.1.3.1
2025-04-09 18:16:18,077 [WARN] PackLoader:240 - Cannot read IP mode file for STMicroelectronics.X-CUBE-ALGOBUILD.1.4.0
2025-04-09 18:16:18,096 [WARN] PackLoader:240 - Cannot read IP mode file for STMicroelectronics.X-CUBE-AI.9.1.0
2025-04-09 18:16:18,127 [WARN] PackLoader:240 - Cannot read IP mode file for STMicroelectronics.X-CUBE-AZRTOS-F4.1.1.0
2025-04-09 18:16:18,146 [WARN] PackLoader:240 - Cannot read IP mode file for STMicroelectronics.X-CUBE-ISPU.2.1.0
2025-04-09 18:16:18,155 [WARN] PackLoader:240 - Cannot read IP mode file for STMicroelectronics.X-CUBE-FREERTOS.1.2.0
2025-04-09 18:16:18,171 [WARN] PackLoader:240 - Cannot read IP mode file for STMicroelectronics.X-CUBE-AZRTOS-L5.2.0.0
2025-04-09 18:16:18,182 [WARN] PackLoader:240 - Cannot read IP mode file for STMicroelectronics.X-CUBE-NFC6.3.1.0
2025-04-09 18:16:18,192 [WARN] PackLoader:240 - Cannot read IP mode file for STMicroelectronics.X-CUBE-DPower.1.2.0
2025-04-09 18:16:18,197 [WARN] PackLoader:240 - Cannot read IP mode file for STMicroelectronics.X-CUBE-AI.9.0.0
2025-04-09 18:16:18,201 [WARN] PackLoader:240 - Cannot read IP mode file for STMicroelectronics.X-CUBE-FREERTOS.1.3.0
2025-04-09 18:16:18,205 [WARN] PackLoader:240 - Cannot read IP mode file for STMicroelectronics.X-CUBE-NFC7.1.0.1
2025-04-09 18:16:18,209 [WARN] PackLoader:240 - Cannot read IP mode file for STMicroelectronics.X-CUBE-DPower.1.3.0
2025-04-09 18:16:18,228 [WARN] ConditionMgr:438 - getConditionDescription Invalid condition id : LAN8742 Phy interface Condition cause : null
2025-04-09 18:16:18,229 [WARN] PackLoader:240 - Cannot read IP mode file for STMicroelectronics.X-CUBE-AZRTOS-L4.2.0.0
2025-04-09 18:16:18,232 [WARN] ConditionMgr:1039 - genDependencies : Invalid condition id : LAN8742 Phy interface Condition cause : null
2025-04-09 18:16:18,232 [WARN] ConditionMgr:1039 - genDependencies : Invalid condition id : LAN8742 Phy interface Condition cause : null
2025-04-09 18:16:18,233 [WARN] ConditionMgr:1039 - genDependencies : Invalid condition id : LAN8742 Phy interface Condition cause : null
2025-04-09 18:16:18,246 [WARN] PackLoader:240 - Cannot read IP mode file for STMicroelectronics.X-CUBE-SFXS2LP1.4.0.0
2025-04-09 18:16:18,273 [WARN] PackLoader:240 - Cannot read IP mode file for STMicroelectronics.X-CUBE-AZRTOS-H7.3.3.0
2025-04-09 18:16:18,288 [WARN] PackLoader:240 - Cannot read IP mode file for STMicroelectronics.X-CUBE-IPS.3.0.0
2025-04-09 18:16:18,314 [WARN] ConditionMgr:438 - getConditionDescription Invalid condition id : UX DEVICE CLASS RTOS Condition cause : null
2025-04-09 18:16:18,315 [WARN] ConditionMgr:438 - getConditionDescription Invalid condition id : UX DEVICE CLASS RTOS Condition cause : null
2025-04-09 18:16:18,321 [WARN] PackLoader:240 - Cannot read IP mode file for STMicroelectronics.X-CUBE-AZRTOS-WB.2.0.0
2025-04-09 18:16:18,324 [WARN] ConditionMgr:1039 - genDependencies : Invalid condition id : UX DEVICE CLASS RTOS Condition cause : null
2025-04-09 18:16:18,324 [WARN] ConditionMgr:1039 - genDependencies : Invalid condition id : UX DEVICE CLASS RTOS Condition cause : null
2025-04-09 18:16:18,325 [WARN] ConditionMgr:1039 - genDependencies : Invalid condition id : UX DEVICE CLASS RTOS Condition cause : null
2025-04-09 18:16:18,326 [WARN] ConditionMgr:1039 - genDependencies : Invalid condition id : UX DEVICE CLASS RTOS Condition cause : null
2025-04-09 18:16:18,326 [WARN] ConditionMgr:1039 - genDependencies : Invalid condition id : UX DEVICE CLASS RTOS Condition cause : null
2025-04-09 18:16:18,368 [WARN] PackLoader:240 - Cannot read IP mode file for STMicroelectronics.X-CUBE-GNSS1.7.0.0
2025-04-09 18:16:18,385 [WARN] PackLoader:240 - Cannot read IP mode file for STMicroelectronics.X-CUBE-GNSS1.7.0.1
2025-04-09 18:16:18,395 [WARN] PackLoader:240 - Cannot read IP mode file for STMicroelectronics.X-CUBE-TOUCHGFX.4.25.0
2025-04-09 18:16:18,400 [WARN] PackLoader:240 - Cannot read IP mode file for STMicroelectronics.FP-SNS-STBOX1.2.0.0
2025-04-09 18:16:18,421 [WARN] PackLoader:240 - Cannot read IP mode file for STMicroelectronics.X-CUBE-SUBG2.5.0.0
2025-04-09 18:16:18,449 [WARN] PackLoader:240 - Cannot read IP mode file for STMicroelectronics.X-CUBE-AZRTOS-H7RS.1.1.0
2025-04-09 18:16:18,454 [WARN] PackLoader:240 - Cannot read IP mode file for Cesanta.I-CUBE-Mongoose.7.13.0
2025-04-09 18:16:18,467 [WARN] PackLoader:240 - Cannot read IP mode file for STMicroelectronics.X-CUBE-AZRTOS-G4.2.0.0
2025-04-09 18:16:18,472 [ERROR] Engine:466 - /Users/ronitbarman/.stm32cubemx/thirdparties/pdsc/STMicroelectronics.X-CUBE-IPS.3.1.0.pdsc: PDSC version is not supported
2025-04-09 18:16:18,474 [WARN] PackLoader:240 - Cannot read IP mode file for STMicroelectronics.X-CUBE-ALS.1.0.2
2025-04-09 18:16:18,479 [WARN] PackLoader:240 - Cannot read IP mode file for STMicroelectronics.X-CUBE-TOUCHGFX.4.24.2
2025-04-09 18:16:18,481 [WARN] PackLoader:240 - Cannot read IP mode file for STMicroelectronics.X-CUBE-TOUCHGFX.4.24.1
2025-04-09 18:16:18,483 [WARN] PackLoader:240 - Cannot read IP mode file for wolfSSL.I-CUBE-wolfTPM.3.4.0
2025-04-09 18:16:18,486 [WARN] PackLoader:240 - Cannot read IP mode file for portGmbH.I-Cube-SoM-uGOAL.1.1.0
2025-04-09 18:16:18,505 [WARN] PackLoader:240 - Cannot read IP mode file for STMicroelectronics.X-CUBE-AZRTOS-H7RS.1.0.0
2025-04-09 18:16:18,510 [WARN] PackLoader:240 - Cannot read IP mode file for STMicroelectronics.FP-ATR-ASTRA1.2.0.0
2025-04-09 18:16:18,520 [WARN] PackLoader:240 - Cannot read IP mode file for STMicroelectronics.X-CUBE-TOF1.3.4.2
2025-04-09 18:16:18,561 [WARN] PackLoader:240 - Cannot read IP mode file for Infineon.AIROC-Wi-Fi-Bluetooth-STM32.1.6.1
2025-04-09 18:16:18,570 [WARN] PackLoader:240 - Cannot read IP mode file for wolfSSL.I-CUBE-wolfSSH.1.4.17
2025-04-09 18:16:18,576 [INFO] ThirdParty:978 - Integrity check success = true
2025-04-09 18:16:18,576 [INFO] IntegrityCheckThread:100 - exiting critical section [integrity check]
2025-04-09 18:16:18,576 [INFO] IntegrityCheckThread:103 - End integrity checks thread
2025-04-09 18:16:19,581 [INFO] WebApp:167 - Instantiating new browser for Auth
2025-04-09 18:16:21,035 [INFO] WebApp:448 - Apply proxy settings
2025-04-09 18:16:21,052 [INFO] WebApp:493 - Chromium authenticates against Manually configured proxy
2025-04-09 18:16:21,072 [INFO] WebApp:501 - Username used for proxy authentication: 
2025-04-09 18:16:21,137 [INFO] WebApp:869 - Register for checkConnection events
2025-04-09 18:16:21,137 [INFO] WebApp:448 - Apply proxy settings
2025-04-09 18:16:21,141 [INFO] WebApp:493 - Chromium authenticates against Manually configured proxy
2025-04-09 18:16:21,141 [INFO] WebApp:501 - Username used for proxy authentication: 
2025-04-09 18:16:21,265 [INFO] WebApp:220 - Starting web application
2025-04-09 18:16:21,265 [INFO] WebApp:578 - Web application path used /Applications/STM32CubeIDE.app/Contents/Eclipse/plugins/com.st.stm32cube.common.mx_6.12.1.202409122256/db/plugins/mcufinder/reactClient1/index.html
2025-04-09 18:16:21,724 [INFO] WebApp:186 - Connection restablished
2025-04-09 18:16:21,789 [INFO] UserAuth:417 - Internet connection configuration mode: 1
2025-04-09 18:16:44,578 [ERROR] LogOutputStream:75 - [STDERR_REDIRECT] 
